<?xml version="1.0" encoding="UTF-8"?>
<!-- Generated by org.testng.reporters.JUnitReportReporter -->
<testsuite skipped="0" hostname="Yashica" name="org.amazon.test.SignInTest" tests="1" failures="0" timestamp="12 Oct 2021 06:31:18 GMT" time="81.775" errors="0">
  <testcase name="AddBookToCartTest" time="81.775" classname="org.amazon.test.SignInTest"/>
</testsuite> <!-- org.amazon.test.SignInTest -->
